[www.activbalance.co.uk/index.html]
[static.parastorage.com/unpkg/core-js-bundle@3.2.1/minified.js]
[static.parastorage.com/unpkg/focus-within-polyfill@5.0.9/dist/focus-within-polyfill.js]
[backblue.gif]
[fade.gif]
[index.html]
[polyfill.io/v3/polyfill.mind82c.js]
[browser.sentry-cdn.com/6.18.2/bundle.min.js]
[www.activbalance.co.uk/decodeURIComponent(e.4.delayed]
[www.activbalance.co.uk/sitemap.xml]
[www.activbalance.co.uk/feed.6.delayed]
[static.parastorage.com/services/wix-thunderbolt/dist/bootstrap-features.9ca6e510.bundle.min.js]
[static.parastorage.com/services/wix-thunderbolt/dist/main.cb675ae8.bundle.min.js]
[static.parastorage.com/unpkg/lodash@4.17.21/lodash.min.js]
[static.parastorage.com/unpkg/react@16.14.0/umd/react.production.min.js]
[static.parastorage.com/services/tag-manager-client/1.427.0/siteTags.bundle.min.js]
[static.parastorage.com/services/wix-perf-measure/1.1042.0/wix-perf-measure.bundle.min.js]
[static.parastorage.com/unpkg/react-dom@16.14.0/umd/react-dom.production.min.js]
[www.activbalance.co.uk/version/index.html]
[www.activbalance.co.uk/b604fd33.min.e.delayed]
[www.activbalance.co.uk/02b07b80.min.f.delayed]
[www.activbalance.co.uk/9455f099.min.10.delayed]
[www.activbalance.co.uk/caeea34d.min.11.delayed]
[www.activbalance.co.uk/99a6a99f.min.12.delayed]
[www.activbalance.co.uk/7a36fe10.chunk.min.13.delayed]
[www.activbalance.co.uk/e3671379.chunk.min.14.delayed]
[www.activbalance.co.uk/rb_wixui.thunderbolt_bootstrap-classic.db545a77.chunk.min.15.delayed]
[www.activbalance.co.uk/rb_wixui.thunderbolt_bootstrap.8a86afda.chunk.min.16.delayed]
[www.activbalance.co.uk/rb_wixui.thunderbolt_bootstrap.7a36fe10.chunk.min.17.delayed]
[www.activbalance.co.uk/rb_wixui.thunderbolt_bootstrap-responsive.f3ca696f.chunk.min.18.delayed]
[www.activbalance.co.uk/rb_wixui.thunderbolt_bootstrap-responsive.e3671379.chunk.min.19.delayed]
[www.activbalance.co.uk/contact-9.html]
[www.activbalance.co.uk/services-9-1.html]
[www.activbalance.co.uk/prices.html]
[www.activbalance.co.uk/shop.html]
[www.activbalance.co.uk/book-online.html]
[www.activbalance.co.uk/single-project.html]
[www.activbalance.co.uk/about-3.html]
[www.activbalance.co.uk/projects-3.html]
[www.activbalance.co.uk/members.html]
[www.activbalance.co.uk/recipes.html]
[www.activbalance.co.uk/projects-6.html]
[www.activbalance.co.uk/forum.html]
[www.activbalance.co.uk/about-6.html]
[static.wixstatic.com/media/fee603_1f78ef01e73f4cc4bc94b2e54e6830a8_mv2.png/v1/fill/w_600,h_600,al_c,q_85,usm_0.66_1.00_0.01,enc_auto/Activ Balance-D27.png]
[static.wixstatic.com/media/fee603_054c0827d5a742f4a99751e4426bb517_mv2.jpg/v1/fill/w_147,h_220,al_c,q_80,usm_0.66_1.00_0.01,blur_2/fee603_054c0827d5a742f4a99751e4]
[www.activbalance.co.uk/blog.html]
[static.wixstatic.com/media/fee603_51082c1b8107429da3bc0ebcefdc1591_mv2.png/v1/fill/w_109,h_109,al_c,q_85,usm_0.66_1.00_0.01,blur_3,enc_auto/opulance.png]
[static.wixstatic.com/media/fee603_d901c076acf4487d95235b16fe199c5d_mv2.jpg/v1/fill/w_123,h_184,al_c,q_80,usm_0.66_1.00_0.01,blur_2/fee603_d901c076acf4487d95235b16]
[static.wixstatic.com/media/fee603_5ead58fadadf42f4876f8f078ec3a99a_mv2.png/v1/fill/w_50,h_19,al_c,q_85,usm_0.66_1.00_0.01,blur_2,enc_auto/meander.png]
[www.activbalance.co.uk/cart-page.html]
[static.wixstatic.com/media/fee603_afac592a6160446da1350210bb51b691_mv2.jpg/v1/fill/w_135,h_135,al_c,q_80,usm_0.66_1.00_0.01,blur_3,enc_auto/harrisblu_edited.jpg]
[static.wixstatic.com/media/fee603_9a42f04a1d904328acc4877b9a0f796a_mv2.png/v1/fill/w_169,h_86,al_c,q_85,usm_0.66_1.00_0.01,blur_3,enc_auto/hood.png]
[static.wixstatic.com/media/fee603_9a9ea8f207764a8f9f8f11d3b77b0ee4_mv2.jpg/v1/fill/w_135,h_135,al_c,q_80,usm_0.66_1.00_0.01,blur_3/girl outdoor_edited.jpg]
[static.wixstatic.com/media/fee603_614fb5d587f849d58bbf4851b6a94536_mv2.png/v1/fill/w_128,h_50,al_c,q_85,usm_0.66_1.00_0.01,blur_3,/download (1)_edited_webp.31.del]
[static.wixstatic.com/media/fee603_41a1d16921f641dfb025a93f8938ba8d_mv2.png/v1/fill/w_109,h_85,al_c,q_85,usm_0.66_1.00_0.01,blur_3,/600px-Up-and-running-logo_edite]
[www.activbalance.co.uk/_files/ugd/Untitled%20design.pdf_; filename_=UTF-8''Untitled%20design.pdf]
[static.wixstatic.com/media/fee603_13f86ff695da44a7b6994088ec734e84_mv2.jpg/v1/fill/w_101,h_101,al_c,q_80,usm_0.66_1.00_0.01,blur_3,enc_auto/EJ2RRJdV_400x400.jpg]
[static.wixstatic.com/media/fee603_6502088c323d408b8b4fd208ffe54231_mv2.png/v1/fill/w_132,h_132,al_c,q_85,usm_0.66_1.00_0.01,blur_3,enc_auto/esssence.png]
[static.wixstatic.com/media/fee603_b4591c768e1046a48aad3344f2590010_mv2.png/v1/fill/w_119,h_119,al_c,q_85,usm_0.66_1.00_0.01,blur_3,enc_auto/rohan.png]
[static.wixstatic.com/media/fee603_b4fee1cb75b442c9bbcefaff9b8ae2a9_mv2.png/v1/fill/w_155,h_155,al_c,q_85,usm_0.66_1.00_0.01,blur_3/detox health beauty.png]
[static.wixstatic.com/media/fee603_b420595ef14545f7b711724a8e9dbb9c_mv2.jpg/v1/fill/w_187,h_125,al_c,q_80,usm_0.66_1.00_0.01,blur_3,enc_auto/jojo_edited.jpg]
[static.wixstatic.com/media/fee603_bda0a980eee842678d1d1499bd515762_mv2.jpg/v1/fill/w_135,h_135,al_c,q_80,usm_0.66_1.00_0.01,blur_3,enc_auto/regatta_edited.jpg]
[static.wixstatic.com/media/fee603_817c54d0fed042f297081480db7b5438_mv2.png/v1/fill/w_138,h_75,al_c,q_85,usm_0.66_1.00_0.01,blur_3,/trespass_edited_webp.png]
[static.wixstatic.com/media/fee603_f1c508b09f714884beb561169ee62133_mv2.jpg/v1/fill/w_53,h_18,al_c,q_80,usm_0.66_1.00_0.01,blur_2,enc_auto/annie breen_edited.jpg]
[static.wixstatic.com/media/fee603_75e21f9cc07e4dd89a7d9e571e64125d_mv2.jpeg/v1/fill/w_154,h_154,al_c,lg_1,q_80,blur_3,enc_auto/egg.jpg]
[static.wixstatic.com/media/fee603_cad871da6a78464082e5102b0118e4e1_mv2.jpg/v1/fill/w_115,h_95,al_c,q_80,usm_0.66_1.00_0.01,blur_3,/sweatty betty_edited.jpg]
[static.wixstatic.com/media/fee603_aa446af2b7214138b0af67d5914e7a58_mv2.jpg/v1/crop/x_0,y_0,w_304,h_92/fill/w_58,h_18,al_c,q_80,usm_0.66_1/download_edited_edited]
[static.wixstatic.com/media/fee603_d1df13cf2c8a4e5a9b7cd014fec253c9_mv2.jpg/v1/fill/w_123,h_184,al_c,q_80,usm_0.66_1.00_0.01,blur_2/fee603_d1df13cf2c8a4e5a9b7cd014]
[static.parastorage.com/services/pro-gallery-santa-wrapper/1.2776.0/staticCss.min.css]
[static.wixstatic.com/media/fee603_765ff3feef00459ca701c65784d0da9e_mv2.jpg/v1/fill/w_433,h_577,q_90/fee603_765ff3feef00459ca701c65784d0da9e_mv2.jpg]
[static.wixstatic.com/media/fee603_474e105ac5d8402e9383d5c679323d96_mv2.jpg/v1/fill/w_433,h_577,fp_0.81_0.4,q_90/fee603_474e105ac5d8402e9383d5c679323d96_mv2.42.del]
[static.wixstatic.com/media/fee603_71acc2faa42346b2b78ef66664cdffcf_mv2.jpg/v1/fill/w_433,h_577,q_90/fee603_71acc2faa42346b2b78ef66664cdffcf_mv2.jpg]
[static.wixstatic.com/media/fee603_2e5d5f84f6b943c7893044e60759b5a3_mv2.jpg/v1/fill/w_433,h_577,q_90/fee603_2e5d5f84f6b943c7893044e60759b5a3_mv2.jpg]
[static.wixstatic.com/media/fee603_e157e6b4690a40d7bd1d7940500edd4e_mv2.jpg/v1/fill/w_433,h_577,fp_0.45_0.51,q_90/fee603_e157e6b4690a40d7bd1d7940500edd4e_mv2.45.de]
[static.wixstatic.com/media/fee603_b61d711e5843426abca3161efc4b63da_mv2.jpg/v1/fill/w_433,h_577,q_90/fee603_b61d711e5843426abca3161efc4b63da_mv2.jpg]
[www.activbalance.co.uk/projects-3-1.html]
[static.wixstatic.com/media/fee603_8d205ee1f311494da13692164c2b8b34_mv2.jpg/v1/fill/w_433,h_577,fp_0.78_0.26,q_90/fee603_8d205ee1f311494da13692164c2b8b34_mv2.47.de]
[static.wixstatic.com/media/fee603_461c505c93644f339794d0ffac6b0714_mv2.jpg/v1/fill/w_433,h_577,fp_0.21_0.31,q_90/fee603_461c505c93644f339794d0ffac6b0714_mv2.48.de]
[static.wixstatic.com/media/fee603_ced5abbeab8b4cb8ab5eb8be58332e80_mv2.jpg/v1/fill/w_433,h_577,q_90/fee603_ced5abbeab8b4cb8ab5eb8be58332e80_mv2.jpg]
[static.wixstatic.com/media/fee603_da2f282704a0455ca1eaa5dc7745923b_mv2.jpg/v1/fill/w_433,h_577,fp_0.26_0.43,q_90/fee603_da2f282704a0455ca1eaa5dc7745923b_mv2.49.de]
[static.wixstatic.com/media/fee603_7e985531111040a9b06ba46796945959_mv2.jpg/v1/fill/w_433,h_577,fp_0.15_0.38,q_90/fee603_7e985531111040a9b06ba46796945959_mv2.4a.de]
[static.wixstatic.com/media/fee603_f7e8255dd675430583023884f980f14c_mv2.jpg/v1/fill/w_433,h_577,fp_0.56_0.16,q_90/fee603_f7e8255dd675430583023884f980f14c_mv2.4c.de]
[static.wixstatic.com/media/fee603_7fe4778cdd414e9086e915c0b8d34e9b_mv2.jpg/v1/fill/w_433,h_577,q_90/fee603_7fe4778cdd414e9086e915c0b8d34e9b_mv2.jpg]
[static.wixstatic.com/media/fee603_8be2a171be934615ade676897845afed_mv2.jpg/v1/fill/w_433,h_577,fp_0.52_0.19,q_90/fee603_8be2a171be934615ade676897845afed_mv2.4e.de]
[static.wixstatic.com/media/fee603_db33c7965e584ce08bcb908cfd8e7ea6_mv2.jpg/v1/fill/w_433,h_577,fp_0.58_0.36,q_90/fee603_db33c7965e584ce08bcb908cfd8e7ea6_mv2.50.de]
[static.wixstatic.com/media/fee603_05bda87af9094e6fa0d270e3c0b15d26_mv2.jpg/v1/fill/w_433,h_577,q_90/fee603_05bda87af9094e6fa0d270e3c0b15d26_mv2.jpg]
[static.wixstatic.com/media/fee603_1cea2fb2f0f04913af69818e43c411d0_mv2.jpg/v1/fill/w_433,h_577,fp_0.41_0.41,q_90/fee603_1cea2fb2f0f04913af69818e43c411d0_mv2.51.de]
[static.wixstatic.com/media/fee603_df5b2dbbc0134eee98f2de995c29ac2d_mv2.jpg/v1/fill/w_433,h_577,q_90/fee603_df5b2dbbc0134eee98f2de995c29ac2d_mv2.jpg]
[static.wixstatic.com/media/fee603_aec7edd1cc324fb0bcd7fe4db72863f7_mv2.jpg/v1/fill/w_433,h_577,fp_0.53_0.3,q_90/fee603_aec7edd1cc324fb0bcd7fe4db72863f7_mv2.52.del]
[static.wixstatic.com/media/fee603_33e9b9bda089483bb8290a8415755dcd_mv2.jpg/v1/fill/w_433,h_577,fp_0.55_0.46,q_90/fee603_33e9b9bda089483bb8290a8415755dcd_mv2.53.de]
[static.wixstatic.com/media/fee603_ef606a45b3464d9b993dfb2690f32f11_mv2.jpg/v1/fill/w_433,h_577,q_90/fee603_ef606a45b3464d9b993dfb2690f32f11_mv2.jpg]
[static.wixstatic.com/media/fee603_6f3fa3eb6e28433180c957b4b921ff54_mv2.jpg/v1/fill/w_433,h_577,fp_0.45_0.3,q_90/fee603_6f3fa3eb6e28433180c957b4b921ff54_mv2.55.del]
[static.wixstatic.com/media/fee603_3a6a9562e6504857ba45037cc0ad6376_mv2.jpg/v1/fill/w_433,h_577,fp_0.13_0.38,q_90/fee603_3a6a9562e6504857ba45037cc0ad6376_mv2.56.de]
[static.wixstatic.com/media/fee603_74edb3044e954be0af8581e23ed78f85_mv2.jpg/v1/fill/w_286,h_286,q_90/fee603_74edb3044e954be0af8581e23ed78f85_mv2.jpg]
[static.wixstatic.com/media/fee603_6106f0c2b4e94700af2f83f694cede26_mv2.jpg/v1/fill/w_433,h_577,fp_0.36_0.08,q_90/fee603_6106f0c2b4e94700af2f83f694cede26_mv2.59.de]
[static.wixstatic.com/media/fee603_cc1e1c0767144d5d8fbe4dee38f9440f_mv2.jpg/v1/fill/w_286,h_286,q_90/fee603_cc1e1c0767144d5d8fbe4dee38f9440f_mv2.jpg]
[static.wixstatic.com/media/fee603_fd6172bab1ed4c28937bc4f1e02fb069_mv2.jpg/v1/fill/w_433,h_577,fp_0.49_0.47,q_90/fee603_fd6172bab1ed4c28937bc4f1e02fb069_mv2.5a.de]
[static.wixstatic.com/media/fee603_151a7b7766344d03a0b3f66332d97e72_mv2.jpg/v1/fill/w_286,h_286,fp_0.56_0.38,q_90/fee603_151a7b7766344d03a0b3f66332d97e72_mv2.5c.de]
[static.wixstatic.com/media/fee603_5a275fe05991494c8fafbe8dc23f100f_mv2.jpg/v1/fill/w_286,h_286,fp_0.49_0.48,q_90/fee603_5a275fe05991494c8fafbe8dc23f100f_mv2.5d.de]
[static.wixstatic.com/media/fee603_1e19b3f3d3514d4795ce05a8902cd1eb_mv2.jpg/v1/fill/w_286,h_286,fp_0.24_0.39,q_90/fee603_1e19b3f3d3514d4795ce05a8902cd1eb_mv2.5e.de]
[static.wixstatic.com/media/fee603_d53389003ae44aed9fe7a58a4e612008_mv2.jpg/v1/fill/w_286,h_286,q_90/fee603_d53389003ae44aed9fe7a58a4e612008_mv2.jpg]
[static.wixstatic.com/media/fee603_a33b9a4008c541849d7ec0305c2db49f_mv2.jpg/v1/fill/w_286,h_286,fp_0.6_0.41,q_90/fee603_a33b9a4008c541849d7ec0305c2db49f_mv2.5f.del]
[static.wixstatic.com/media/fee603_c3ed5ae68ce64a189457b7636b843134_mv2.jpg/v1/fill/w_286,h_286,q_90/fee603_c3ed5ae68ce64a189457b7636b843134_mv2.jpg]
[static.wixstatic.com/media/fee603_2468c59b02de460f88d55580cc32e4b8_mv2.jpg/v1/fill/w_286,h_286,fp_0.48_0.43,q_90/fee603_2468c59b02de460f88d55580cc32e4b8_mv2.61.de]
[static.wixstatic.com/media/fee603_b1cb87c75c014187a2b311c4e76ebb9e_mv2.jpg/v1/fill/w_286,h_286,fp_0.48_0.41,q_90/fee603_b1cb87c75c014187a2b311c4e76ebb9e_mv2.62.de]
[static.wixstatic.com/media/fee603_3ab055b7385b418c9d61083caad2a0b0_mv2.jpg/v1/fill/w_286,h_286,fp_0.68_0.3,q_90/fee603_3ab055b7385b418c9d61083caad2a0b0_mv2.63.del]
[static.wixstatic.com/media/fee603_270a0875212440b2b9e18e5b6e45ef9c_mv2.jpg/v1/fill/w_286,h_286,fp_0.41_0.31,q_90/fee603_270a0875212440b2b9e18e5b6e45ef9c_mv2.64.de]
[static.wixstatic.com/media/fee603_9a7a142b275a4ee7bb8422f597735ba0_mv2.jpg/v1/fill/w_286,h_286,fp_0.05_0.13,q_90/fee603_9a7a142b275a4ee7bb8422f597735ba0_mv2.66.de]
[static.wixstatic.com/media/fee603_023a0681bc7143168da7bec4a343d2d0_mv2.jpg/v1/fill/w_202,h_577,q_90/fee603_023a0681bc7143168da7bec4a343d2d0_mv2.jpg]
[static.wixstatic.com/media/fee603_de5d123a069244f783a40f3237451460_mv2.jpg/v1/fill/w_286,h_286,fp_0.51_0.36,q_90/fee603_de5d123a069244f783a40f3237451460_mv2.67.de]
[static.wixstatic.com/media/fee603_95246413befc4129ab9dc774ba725c57_mv2.jpg/v1/fill/w_286,h_286,fp_0.54_0.31,q_90/fee603_95246413befc4129ab9dc774ba725c57_mv2.68.de]
[static.wixstatic.com/media/fee603_7348528fab23406bb6416d89af55b4b1_mv2.jpg/v1/fill/w_286,h_286,fp_0.69_0.38,q_90/fee603_7348528fab23406bb6416d89af55b4b1_mv2.69.de]
[static.wixstatic.com/media/fee603_946041e312bb495c884a0f2e4fd5fbb9_mv2.jpg/v1/fill/w_202,h_577,q_90/fee603_946041e312bb495c884a0f2e4fd5fbb9_mv2.jpg]
[static.wixstatic.com/media/fee603_8f9ffb8ee28c434ebe318b0753126cc0_mv2.jpg/v1/fill/w_202,h_577,fp_0.5_0.3,q_90/fee603_8f9ffb8ee28c434ebe318b0753126cc0_mv2.6b.dela]
[static.wixstatic.com/media/fee603_3535a4385a1b46998e17e4cbc4abaa97_mv2.jpg/v1/fill/w_202,h_577,fp_0.38_0.21,q_90/fee603_3535a4385a1b46998e17e4cbc4abaa97_mv2.6d.de]
[static.wixstatic.com/media/fee603_3fc41541bc3a4c0494087b995f3ab01e_mv2.jpg/v1/fill/w_202,h_577,q_90/fee603_3fc41541bc3a4c0494087b995f3ab01e_mv2.jpg]
[static.wixstatic.com/media/fee603_fb8c7b0afbd6488b9b821179c1c2bab7_mv2.jpg/v1/fill/w_202,h_577,q_90/fee603_fb8c7b0afbd6488b9b821179c1c2bab7_mv2.jpg]
[static.wixstatic.com/media/fee603_cd4655fc05b949339848d55b06bd2d7c_mv2.jpg/v1/fill/w_202,h_577,q_90/fee603_cd4655fc05b949339848d55b06bd2d7c_mv2.jpg]
[static.wixstatic.com/media/fee603_a0c468387ee6426ab6b9b0b920915952_mv2.jpg/v1/fill/w_202,h_577,q_90/fee603_a0c468387ee6426ab6b9b0b920915952_mv2.jpg]
[static.wixstatic.com/media/fee603_ff6cebb3dcbb4ee7bdfcbb5dc4b9fa67_mv2.jpg/v1/fill/w_202,h_577,q_90/fee603_ff6cebb3dcbb4ee7bdfcbb5dc4b9fa67_mv2.jpg]
[static.wixstatic.com/media/fee603_204a7b1116bc4789ac0c0c41f3903350_mv2.jpg/v1/fill/w_202,h_577,q_90/fee603_204a7b1116bc4789ac0c0c41f3903350_mv2.jpg]
[static.wixstatic.com/media/fee603_0002acecbbea4917b7faba25ddfd7dc0_mv2.jpg/v1/fill/w_202,h_577,q_90/fee603_0002acecbbea4917b7faba25ddfd7dc0_mv2.jpg]
[static.wixstatic.com/media/fee603_10b44e657a7c4e14ae7dd3f4178982be_mv2.jpg/v1/fill/w_202,h_577,q_90/fee603_10b44e657a7c4e14ae7dd3f4178982be_mv2.jpg]
[static.wixstatic.com/media/fee603_cd007751d38d4b91b0fd108e2821627c_mv2.jpg/v1/fill/w_202,h_577,q_90/fee603_cd007751d38d4b91b0fd108e2821627c_mv2.jpg]
[static.wixstatic.com/media/fee603_d911afbbb3ee493ca76dba40be1ced97_mv2.jpg/v1/fill/w_202,h_577,q_90/fee603_d911afbbb3ee493ca76dba40be1ced97_mv2.jpg]
[static.wixstatic.com/media/fee603_04105505d3b643ccbf5c4992f75f7342_mv2.jpg/v1/fill/w_202,h_577,fp_0.31_0.22,q_90/fee603_04105505d3b643ccbf5c4992f75f7342_mv2.79.de]
[static.wixstatic.com/media/fee603_0f7ab65c5e7244dfab0d1b59466cef11_mv2.jpg/v1/fill/w_202,h_577,q_90/fee603_0f7ab65c5e7244dfab0d1b59466cef11_mv2.jpg]
[static.wixstatic.com/media/fee603_04b8d2c76d14459e923da8adf21262de_mv2.jpg/v1/fill/w_202,h_577,q_90/fee603_04b8d2c76d14459e923da8adf21262de_mv2.jpg]
[static.wixstatic.com/media/fee603_633bb2f68b314c7ca412812b2d247eca_mv2.jpg/v1/fill/w_202,h_577,q_90/fee603_633bb2f68b314c7ca412812b2d247eca_mv2.jpg]
[static.wixstatic.com/media/fee603_97aeeec3ea824e38af19beed2f572f0b_mv2.jpg/v1/fill/w_202,h_577,q_90/fee603_97aeeec3ea824e38af19beed2f572f0b_mv2.jpg]
[static.wixstatic.com/media/fee603_6e3c8fe17bfc4f078e6f7c3b757e5214_mv2.jpg/v1/fill/w_202,h_577,fp_0.61_0.45,q_90/fee603_6e3c8fe17bfc4f078e6f7c3b757e5214_mv2.7d.de]
[static.wixstatic.com/media/fee603_e6a46cd0617746eaadc2281197979ff6_mv2.jpg/v1/fill/w_202,h_577,q_90/fee603_e6a46cd0617746eaadc2281197979ff6_mv2.jpg]
[static.wixstatic.com/media/fee603_a034d0b65416444abcef6d1fad04b039_mv2.jpg/v1/fill/w_202,h_577,q_90/fee603_a034d0b65416444abcef6d1fad04b039_mv2.jpg]
[static.wixstatic.com/media/fee603_625af09e34d34382b1918fbb67ff3ccc_mv2.jpg/v1/fill/w_202,h_577,q_90/fee603_625af09e34d34382b1918fbb67ff3ccc_mv2.jpg]
[static.wixstatic.com/media/fee603_a6b6603d15ed4db69c2865f4be264252_mv2.jpg/v1/fill/w_202,h_577,q_90/fee603_a6b6603d15ed4db69c2865f4be264252_mv2.jpg]
[static.wixstatic.com/media/fee603_36328e09fd654658bbb5caaac46dbd73_mv2.jpg/v1/fill/w_202,h_577,q_90/fee603_36328e09fd654658bbb5caaac46dbd73_mv2.jpg]
[www.activbalance.co.uk/index.html]
[www.activbalance.co.uk/decodeURIComponent(e.html]
[www.activbalance.co.uk/feed.html]
[www.activbalance.co.uk/version/index.html]
[www.activbalance.co.uk/b604fd33.min.html]
[www.activbalance.co.uk/02b07b80.min.html]
[www.activbalance.co.uk/9455f099.min.html]
[www.activbalance.co.uk/caeea34d.min.html]
[www.activbalance.co.uk/99a6a99f.min.html]
[www.activbalance.co.uk/7a36fe10.chunk.min.html]
[www.activbalance.co.uk/e3671379.chunk.min.html]
[www.activbalance.co.uk/rb_wixui.thunderbolt_bootstrap-classic.db545a77.chunk.min.html]
[www.activbalance.co.uk/rb_wixui.thunderbolt_bootstrap.8a86afda.chunk.min.html]
[www.activbalance.co.uk/rb_wixui.thunderbolt_bootstrap.7a36fe10.chunk.min.html]
[www.activbalance.co.uk/rb_wixui.thunderbolt_bootstrap-responsive.f3ca696f.chunk.min.html]
[www.activbalance.co.uk/rb_wixui.thunderbolt_bootstrap-responsive.e3671379.chunk.min.html]
[static.parastorage.com/services/wix-thunderbolt/dist/ab-test-compilation/thunderbolt-commons.7ca534fa.bundle.min.js]
[static.parastorage.com/services/wix-thunderbolt/dist/ab-test-compilation/main.c16c2c7f.bundle.min.js]
[static.parastorage.com/services/editor-elements/dist/media/sloppyframe.d6793e19.png]
[www.activbalance.co.uk/eec152dc.min.87.delayed]
[www.activbalance.co.uk/7c602eb2.min.88.delayed]
[www.activbalance.co.uk/f52e40aa.min.89.delayed]
[www.activbalance.co.uk/2b8b066f.min.8a.delayed]
[www.activbalance.co.uk/rb_wixui.thunderbolt_common-site-members-dialogs.384b0b57.chunk.min.8b.delayed]
[www.activbalance.co.uk/rb_wixui.thunderbolt_common-site-members-dialogs.2059cbfd.chunk.min.8c.delayed]
[www.activbalance.co.uk/contact-9.html]
[www.activbalance.co.uk/services-9-1.html]
[static.wixstatic.com/media/fee603_86ae4b122e454df68b811834c9d3a0d9_mv2.jpg/v1/crop/x_0,y_46,w_1080,h_986/fill/w_95,h_87,al_c,q_80,usm_0.66/Screenshot_20220822-115]
[static.wixstatic.com/media/fee603_d36d9514c96e44f587c048039b2107ee_mv2.jpg/v1/fill/w_98,h_65,al_c,q_80,usm_0.66_1.00_0.01,blur_2,e/fee603_d36d9514c96e44f587c04803]
[static.wixstatic.com/media/fee603_d9e7add551cb406aad3dfb508f9bb295_mv2.jpg/v1/crop/x_0,y_305,w_739,h_675/fill/w_95,h_87,al_c,q_80,usm_0.66/IMG-20220906-WA0017.8f]
[static.wixstatic.com/media/fee603_efb5e5f4c0e546fabbd3751fc698dec1_mv2.jpg/v1/crop/x_0,y_125,w_2880,h_2630/fill/w_95,h_87,al_c,q_80,usm_0/20220106_130909.90.dela]
[www.activbalance.co.uk/prices.html]
[static.wixstatic.com/media/fee603_c27afa5cfe5a4e9f901d315cde9621c3_mv2.jpg/v1/crop/x_0,y_40,w_1080,h_986/fill/w_95,h_87,al_c,q_80,usm_0.66/Screenshot_20220821-200]
[static.wixstatic.com/media/fee603_537bfe9258714b0494460d82b37cd0d1_mv2.jpe/v1/crop/x_0,y_46,w_1065,h_973/fill/w_95,h_87,al_c,q_80,usm_0.66/289703427_7262117820568]
[static.wixstatic.com/media/fee603_268fc99ad46c4544bcf383ae93015a66_mv2.jpg/v1/crop/x_7,y_0,w_794,h_725/fill/w_95,h_87,al_c,q_80,usm_0.66_1/20210215_182759.93.dela]
[static.wixstatic.com/media/fee603_80d830a363c34693963cb42a726e4865_mv2.jpg/v1/crop/x_0,y_635,w_3024,h_2761/fill/w_95,h_87,al_c,q_80,usm_0/20220729_092540.94.dela]
[static.wixstatic.com/media/fee603_1054a5408a6d446b9349192234d48234_mv2.jpg/v1/crop/x_0,y_46,w_1080,h_986/fill/w_95,h_87,al_c,q_80,usm_0.66/Screenshot_20220821-200]
[static.wixstatic.com/media/fee603_a0c468387ee6426ab6b9b0b920915952_mv2.jpg/v1/crop/x_360,y_0,w_3312,h_3024/fill/w_95,h_87,al_c,q_80,usm_0/20220608_084401.97.dela]
[static.wixstatic.com/media/fee603_27ee43efd6cd450abbfc43ff654cb414_mv2.jpg/v1/crop/x_0,y_46,w_1080,h_986/fill/w_95,h_87,al_c,q_80,usm_0.66/Screenshot_20220823-105]
[static.wixstatic.com/media/fee603_2558442fb9ed41b2893dcb83b14e0696_mv2.jpg/v1/crop/x_0,y_140,w_1080,h_986/fill/w_95,h_87,al_c,q_80,usm_0.6/Screenshot_20220821-195]
[static.wixstatic.com/media/fee603_8d6e3d6de1994c64ad16c93d42fdff3d_mv2.jpe/v1/crop/x_0,y_22,w_512,h_468/fill/w_95,h_87,al_c,q_80,usm_0.66_/270EC3CF-32E7-483B-BDCE]
[static.wixstatic.com/media/fee603_c90c4cf2fbe442c58e2aa7bd946fe6c8_mv2.jpg/v1/crop/x_0,y_168,w_1080,h_986/fill/w_95,h_87,al_c,q_80,usm_0.6/Screenshot_20220821-195]
[static.wixstatic.com/media/fee603_bbac4e4eab0b407aaf00f73a70f99bdb_mv2.jpg/v1/crop/x_0,y_72,w_1080,h_986/fill/w_95,h_87,al_c,q_80,usm_0.66/Screenshot_20220824-182]
[static.wixstatic.com/media/fee603_87ccd42cb2184c7e861e11904dd85b41_mv2.jpg/v1/crop/x_0,y_44,w_1080,h_986/fill/w_95,h_87,al_c,q_80,usm_0.66/Screenshot_20220821-200]
[static.wixstatic.com/media/fee603_d1df13cf2c8a4e5a9b7cd014fec253c9_mv2.jpg/v1/crop/x_0,y_300,w_1024,h_935/fill/w_95,h_87,al_c,q_80,usm_0.6/Ashley-VeritySansomPhot]
[static.wixstatic.com/media/fee603_4860a9534e764ad6b7d8494d709c2de3_mv2.jpg/v1/crop/x_0,y_42,w_1080,h_986/fill/w_95,h_87,al_c,q_80,usm_0.66/Screenshot_20220821-200]
[static.wixstatic.com/media/fee603_04105505d3b643ccbf5c4992f75f7342_mv2.jpg/v1/crop/x_0,y_635,w_3024,h_2761/fill/w_95,h_87,al_c,q_80,usm_0/20210705_090542.a0.dela]
[static.wixstatic.com/media/fee603_c077bf5f4b854316a5abc10b56b165d5_mv2.jpg/v1/crop/x_0,y_135,w_1080,h_986/fill/w_95,h_87,al_c,q_80,usm_0.6/Screenshot_20220821-195]
[static.wixstatic.com/media/fee603_10b44e657a7c4e14ae7dd3f4178982be_mv2.jpg/v1/crop/x_0,y_300,w_1024,h_935/fill/w_95,h_87,al_c,q_80,usm_0.6/Ashley-VeritySansomPhot]
[static.wixstatic.com/media/fee603_49182d59fc8d4381a3a92163c7bd1a06_mv2.png/v1/crop/x_0,y_37,w_450,h_411/fill/w_95,h_87,al_c,q_85,usm_0.66_/fee603_4b33b52260c54478]
[static.wixstatic.com/media/fee603_dd4804fb76b2434f93c4cd66411c6871_mv2.jpg/v1/crop/x_0,y_635,w_3024,h_2761/fill/w_95,h_87,al_c,q_80,usm_0/20210526_103923_001.a2]
[static.wixstatic.com/media/fee603_3535a4385a1b46998e17e4cbc4abaa97_mv2.jpg/v1/crop/x_0,y_476,w_3024,h_2760/fill/w_95,h_87,al_c,q_80,usm_0/20220706_080538.a4.dela]
[static.wixstatic.com/media/fee603_5a275fe05991494c8fafbe8dc23f100f_mv2.jpg/v1/crop/x_0,y_320,w_1782,h_1627/fill/w_95,h_87,al_c,q_80,usm_0/20220501_090035.a7.dela]
[static.wixstatic.com/media/fee603_97aeeec3ea824e38af19beed2f572f0b_mv2.jpg/v1/crop/x_0,y_560,w_2668,h_2436/fill/w_95,h_87,al_c,q_80,usm_0/20210516_090009.a6.dela]
[static.wixstatic.com/media/fee603_155c5c6f8dc240caad69dc3131b67a6b_mv2.jpg/v1/crop/x_0,y_204,w_675,h_616/fill/w_95,h_87,al_c,q_80,usm_0.66/IMG-20220823-WA0014.a5]
[www.activbalance.co.uk/service-page/hiit-training.html]
[static.wixstatic.com/media/fee603_d36d9514c96e44f587c048039b2107ee_mv2.jpg/v1/crop/x_1134,y_0,w_4668,h_4397/fill/w_88,h_82,al_c,q_80,usm_0/ExploreMore-50.a9.delay]
[static.wixstatic.com/media/fee603_1b96150c16b74492bb3435cb2f9a6380_mv2.jpg/v1/crop/x_0,y_144,w_738,h_696/fill/w_87,h_83,al_c,q_80,usm_0.66/IMG-20210506-WA0016.aa]
[static.wixstatic.com/media/fee603_221c197fe98646ed9e190004f73dfd78_mv2.jpg/v1/crop/x_0,y_1993,w_3937,h_3715/fill/w_87,h_83,al_c,q_80,usm_0/ExploreMore-37.a8.delay]
[static.wixstatic.com/media/fee603_36b10ca3fc8c411f97d9b261f4be01cb_mv2.jpg/v1/crop/x_175,y_0,w_1901,h_1792/fill/w_88,h_82,al_c,q_80,usm_0/20210922_072521_edited]
[static.wixstatic.com/media/fee603_af73322ad9174167a78d06c3578849bc_mv2.jpg/v1/crop/x_352,y_0,w_3846,h_3623/fill/w_88,h_82,al_c,q_80,usm_0/ExploreMore-21.ad.delay]
[static.wixstatic.com/media/fee603_e0f7a98580ab47c18981c2505b0457d4_mv2.jpg/v1/crop/x_0,y_114,w_583,h_550/fill/w_87,h_83,al_c,q_80,usm_0.66/IMG-20210506-WA0013.ac]
[static.wixstatic.com/media/fee603_04b8d2c76d14459e923da8adf21262de_mv2.jpg/v1/fill/w_50,h_46,al_c,q_80,usm_0.66_1.00_0.01,blur_3,e/fee603_04b8d2c76d14459e923da8ad]
[static.wixstatic.com/media/fee603_904d1f41bb4a4502a642e7bf4bbd8f2f_mv2.jpe/v1/fill/w_50,h_33,al_c,q_80,usm_0.66_1.00_0.01,blur_3,e/fee603_904d1f41bb4a4502a642e7bf]
[static.wixstatic.com/media/fee603_10b44e657a7c4e14ae7dd3f4178982be_mv2.jpg/v1/fill/w_33,h_50,al_c,q_80,usm_0.66_1.00_0.01,blur_3,e/fee603_10b44e657a7c4e14ae7dd3f4]
[www.activbalance.co.uk/service-page/body-conditioning.html]
[static.wixstatic.com/media/fee603_35b0792c73c24b11b2f3aa73dbc15cb0_mv2.png/v1/fill/w_50,h_48,al_c,q_85,usm_0.66_1.00_0.01,blur_3,e/fee603_35b0792c73c24b11b2f3aa73]
[www.activbalance.co.uk/service-page/strength-mobility.html]
[static.wixstatic.com/media/fee603_1607752a88724861b895248c085e66d3_mv2.png/v1/fill/w_50,h_48,al_c,q_85,usm_0.66_1.00_0.01,blur_3,e/fee603_1607752a88724861b895248c]
[www.activbalance.co.uk/service-page/wellbeing-workout.html]
[static.wixstatic.com/media/fee603_fb0f3fe524e54c648ce5dee71db5d1d4_mv2.png/v1/fill/w_50,h_48,al_c,q_85,usm_0.66_1.00_0.01,blur_3,e/fee603_fb0f3fe524e54c648ce5dee7]
[www.activbalance.co.uk/service-page/core-conditioning.html]
[www.activbalance.co.uk/book-online.html]
[www.activbalance.co.uk/service-page/functional-training.html]
[static.wixstatic.com/media/fee603_fef48ea8c10b4ac8be949ca625271fa1_mv2.png/v1/fill/w_49,h_49,al_c,q_85,usm_0.66_1.00_0.01,blur_2,e/fee603_fef48ea8c10b4ac8be949ca6]
[static.wixstatic.com/media/fee603_2ce83bffebcc46d79f1100d9c54be416_mv2.png/v1/fill/w_49,h_49,al_c,q_85,usm_0.66_1.00_0.01,blur_2,e/fee603_2ce83bffebcc46d79f1100d9]
[www.activbalance.co.uk/product-page/physion-pro-2.html]
[static.wixstatic.com/media/fee603_1c6ae7de065248deaee3b4d4b009dda2_mv2.png/v1/fill/w_49,h_69,al_c,q_85,usm_0.66_1.00_0.01,blur_2,e/fee603_1c6ae7de065248deaee3b4d4]
[www.activbalance.co.uk/product-page/high-protein-1-600-kcals-meal-plan.html]
[static.wixstatic.com/media/fee603_d24e0abc3c33477684d160990c318b6b_mv2.png/v1/fill/w_49,h_69,al_c,q_85,usm_0.66_1.00_0.01,blur_2,e/fee603_d24e0abc3c33477684d16099]
[static.wixstatic.com/media/fee603_19675e3fbb1b4a21a239cf02784a75c8_mv2.png/v1/fill/w_49,h_69,al_c,q_85,usm_0.66_1.00_0.01,blur_2,e/fee603_19675e3fbb1b4a21a239cf02]
[static.wixstatic.com/media/fee603_dee04f88e10241be9db74894576ef47d_mv2.png/v1/fill/w_49,h_69,al_c,q_85,usm_0.66_1.00_0.01,blur_2,e/fee603_dee04f88e10241be9db74894]
[www.activbalance.co.uk/product-page/high-protein-2-200-kcal-meal-plan.html]
[www.activbalance.co.uk/product-page/activ-balance-e-cook-book.html]
[static.wixstatic.com/media/fee603_cbfee9f93522485cab306c22bd31ca75_mv2.png/v1/fill/w_49,h_63,al_c,q_85,usm_0.66_1.00_0.01,blur_2,e/fee603_cbfee9f93522485cab306c22]
[static.wixstatic.com/media/fee603_01e30c6f74bc430481bbce6b433aae3f_mv2.png/v1/fill/w_49,h_63,al_c,q_85,usm_0.66_1.00_0.01,blur_2,e/fee603_01e30c6f74bc430481bbce6b]
[www.activbalance.co.uk/shop.html]
[static.wixstatic.com/media/fee603_13d74e29b34d4063a079257049196d4a_mv2.png/v1/fill/w_49,h_69,al_c,q_85,usm_0.66_1.00_0.01,blur_2,e/fee603_13d74e29b34d4063a0792570]
[static.wixstatic.com/media/fee603_53b78963b7cf49a79020f357e15e8c85_mv2.png/v1/fill/w_49,h_69,al_c,q_85,usm_0.66_1.00_0.01,blur_2,e/fee603_53b78963b7cf49a79020f357]
[www.activbalance.co.uk/product-page/female-fitness-and-nutrition.html]
[static.wixstatic.com/media/fee603_4eb206aadb51466299f0d20c76c8228d_mv2.jpe/v1/fill/w_67,h_100,al_c,q_80,usm_0.66_1.00_0.01,blur_2,/e7c2deb34366e1b889f8dfc93f9291d]
[static.wixstatic.com/media/fee603_16c7d144032a4d0b8fe2303aacb45c75_mv2.jpe/v1/fill/w_67,h_100,al_c,q_80,usm_0.66_1.00_0.01,blur_2,/RoastedPotatoSalad_Styled1.ca.d]
[static.wixstatic.com/media/fee603_ce5ebf8e2beb44e8bb413e16b5dc456e_mv2.jpeg/v1/fill/w_67,h_100,al_c,q_80,usm_0.66_1.00_0.01,blur_2,enc_auto/EnergyBallsFinal4.jpg]
[static.wixstatic.com/media/fee603_499015473ec2449a89bf01f33930a6b0_mv2.jpe/v1/fill/w_67,h_100,al_c,q_80,usm_0.66_1.00_0.01,blur_2,/BBQCauliflowerTacos_Styled1.cb]
[static.wixstatic.com/media/fee603_a5280c831e654ddea04ec1ef45fc5b3b_mv2.jpeg/v1/fill/w_67,h_100,al_c,q_80,usm_0.66_1.00_0.01,blur_2,enc_auto/Yogurt-Toast-8.jpg]
[www.activbalance.co.uk/single-project.html]
[static.wixstatic.com/media/fee603_54a3f991167449f6b3ba1d6f281792e5_mv2.jpg/v1/fill/w_103,h_100,al_c,q_80,usm_0.66_1.00_0.01,blur_2/bombay-cod-traybake-1549385522_]
[static.wixstatic.com/media/fee603_de78bd9e6cef40c78a9a26ff722e6293_mv2.png/v1/fill/w_100,h_100,al_c,q_85,usm_0.66_1.00_0.01,blur_2/cq5dam_thumbnail_400_400.ce.del]
[www.activbalance.co.uk/45eee88d.min.d0.delayed]
[www.activbalance.co.uk/about-3.html]
[www.activbalance.co.uk/projects-3.html]
[www.activbalance.co.uk/members.html]
[www.activbalance.co.uk/recipes.html]
[www.activbalance.co.uk/projects-6.html]
[www.activbalance.co.uk/forum.html]
[static.wixstatic.com/media/fee603_668565e4474c4558ad02e0803071b3ef_mv2.jpg/v1/fill/w_427,h_569,al_c,q_80,usm_0.66_1.00_0.01,enc_auto/20210511_150051.jpg]
[www.activbalance.co.uk/about-6.html]
[www.activbalance.co.uk/blog-feed.xml]
[static.parastorage.com/services/communities-blog-ooi/1.539.0/client/post-list-pro-gallery.chunk.min.css]
[static.parastorage.com/services/communities-blog-ooi/1.539.0/client/972.chunk.min.js]
[static.parastorage.com/services/communities-blog-ooi/1.539.0/client/5938.chunk.min.js]
[static.parastorage.com/services/communities-blog-ooi/1.539.0/client/5967.chunk.min.js]
[static.parastorage.com/services/communities-blog-ooi/1.539.0/client/post-list-pro-gallery.chunk.min.js]
[static.wixstatic.com/media/fee603_1b1e2f49ebaf4e189c472aa428cc82f2_mv2.png/v1/fill/w_454,h_454,fp_0.50_0.50,q_95,enc_auto/fee603_1b1e2f49ebaf4e189c472aa428cc82f2_]
[static.wixstatic.com/media/fee603_b3306d03323c46d6a2d245d696ac6d47_mv2.png/v1/fill/w_450,h_454,fp_0.50_0.50,q_95,enc_auto/fee603_b3306d03323c46d6a2d245d696ac6d47_]
[www.activbalance.co.uk/post/how-to-fuel-around-your-body-type.html]
[static.wixstatic.com/media/fee603_1769fa04f14c4e4ebb79aa0a98cf29a5_mv2.png/v1/fill/w_454,h_454,fp_0.50_0.50,q_95,enc_auto/fee603_1769fa04f14c4e4ebb79aa0a98cf29a5_]
[www.activbalance.co.uk/post/makin-banana-pancakes.html]
[static.wixstatic.com/media/nsplsh_184512cc9b394f2cbf0f7efdd841ad24_mv2.jpg/v1/fill/w_250,h_250,fp_0.50_0.50,q_30,blur_30,enc_auto/nsplsh_184512cc9b394f2cbf0f7efdd]
[static.wixstatic.com/media/nsplsh_184512cc9b394f2cbf0f7efdd841ad24_mv2.jpg/v1/fill/w_454,h_454,fp_0.50_0.50,q_90,enc_auto/nsplsh_184512cc9b394f2cbf0f7efdd841ad24_]
[www.activbalance.co.uk/post/why-intermittent-fasting-isn-t-ideal-for-women.html]
[www.activbalance.co.uk/blog.html]
[www.activbalance.co.uk/cart-page.html]
[www.activbalance.co.uk/post/are-you-someone-who-wakes-up-feeling-tired-top-tips-for-a-sleepy-head.html]
[static.wixstatic.com/media/fee603_765ff3feef00459ca701c65784d0da9e_mv2.jpg/v1/fit/w_508,h_508,q_90/fee603_765ff3feef00459ca701c65784d0da9e_mv2.jpg]
[static.wixstatic.com/media/fee603_efb5e5f4c0e546fabbd3751fc698dec1_mv2.jpg/v1/fit/w_508,h_508,q_90/fee603_efb5e5f4c0e546fabbd3751fc698dec1_mv2.jpg]
[static.wixstatic.com/media/fee603_8be2a171be934615ade676897845afed_mv2.jpg/v1/fit/w_508,h_508,q_90/fee603_8be2a171be934615ade676897845afed_mv2.jpg]
[static.wixstatic.com/media/fee603_268fc99ad46c4544bcf383ae93015a66_mv2.jpg/v1/fit/w_565,h_508,q_90/fee603_268fc99ad46c4544bcf383ae93015a66_mv2.jpg]
[static.wixstatic.com/media/fee603_f9ea715f56874b8e885a9d5dae6ddf19_mv2.jpg/v1/fit/w_508,h_508,q_90/fee603_f9ea715f56874b8e885a9d5dae6ddf19_mv2.jpg]
[static.wixstatic.com/media/fee603_5738f38c258c4d14a0a18dab31904c5b_mv2.jpg/v1/fit/w_358,h_503,q_90/fee603_5738f38c258c4d14a0a18dab31904c5b_mv2.jpg]
[static.wixstatic.com/media/fee603_a9ef4c34f84c444bbac283195f565fa2_mv2.jpg/v1/fit/w_357,h_503,q_90/fee603_a9ef4c34f84c444bbac283195f565fa2_mv2.jpg]
[static.wixstatic.com/media/fee603_8ec1cf60aa6e4dff828e12ef5018d966_mv2.jpg/v1/fit/w_357,h_503,q_90/fee603_8ec1cf60aa6e4dff828e12ef5018d966_mv2.jpg]
[static.wixstatic.com/media/fee603_29df83fac11743e0bffc047a5400b8a0_mv2.jpg/v1/fit/w_345,h_488,q_90/fee603_29df83fac11743e0bffc047a5400b8a0_mv2.jpg]
[static.wixstatic.com/media/fee603_1c6ae7de065248deaee3b4d4b009dda2_mv2.png/v1/fit/w_345,h_488,q_90/fee603_1c6ae7de065248deaee3b4d4b009dda2_mv2.png]
[static.wixstatic.com/media/fee603_550425975ccf4d37802c8091e778cf58_mv2.jpg/v1/fit/w_346,h_488,q_90/fee603_550425975ccf4d37802c8091e778cf58_mv2.jpg]
[static.wixstatic.com/media/fee603_8b61986728a9434aa3e8a6e0b82f2ce7_mv2.png/v1/fit/w_345,h_488,q_90/fee603_8b61986728a9434aa3e8a6e0b82f2ce7_mv2.png]
[static.wixstatic.com/media/fee603_353b4ef741cd429f8f004d3f2c403db7_mv2.jpg/v1/fit/w_438,h_488,q_90/fee603_353b4ef741cd429f8f004d3f2c403db7_mv2.jpg]
[static.wixstatic.com/media/fee603_8151b97cbf8c4ca392362d128887f0a6_mv2.jpg/v1/fit/w_574,h_488,q_90/fee603_8151b97cbf8c4ca392362d128887f0a6_mv2.jpg]
[static.wixstatic.com/media/fee603_12afb5f5f6a649d6b1539e87447cb3f2_mv2.jpg/v1/fit/w_967,h_488,q_90/fee603_12afb5f5f6a649d6b1539e87447cb3f2_mv2.jpg]
[static.wixstatic.com/media/fee603_1f01331fc8914577b84477685e93d602_mv2.jpg/v1/fit/w_955,h_488,q_90/fee603_1f01331fc8914577b84477685e93d602_mv2.jpg]
[static.wixstatic.com/media/fee603_b36fc89742914d2e80b243f185854494_mv2.jpg/v1/fit/w_409,h_339,q_90/fee603_b36fc89742914d2e80b243f185854494_mv2.jpg]
[static.wixstatic.com/media/fee603_8c85c1fb2c9c4501aa3026ed8c770968_mv2.jpg/v1/fit/w_670,h_339,q_90/fee603_8c85c1fb2c9c4501aa3026ed8c770968_mv2.jpg]
[static.wixstatic.com/media/fee603_0943a234f2a04ec0925a483ca83ab9ff_mv2.jpg/v1/fit/w_675,h_339,q_90/fee603_0943a234f2a04ec0925a483ca83ab9ff_mv2.jpg]
[static.wixstatic.com/media/fee603_e860e12292d549b39e2697921b43ffcc_mv2.jpg/v1/fit/w_689,h_339,q_90/fee603_e860e12292d549b39e2697921b43ffcc_mv2.jpg]
[static.wixstatic.com/media/fee603_f634bef088b24b8baf37cd0baf94f203_mv2.jpg/v1/fit/w_948,h_339,q_90/fee603_f634bef088b24b8baf37cd0baf94f203_mv2.jpg]
[static.wixstatic.com/media/fee603_6f8b0cb30ac54c06bbb165312a61b279_mv2.jpg/v1/fit/w_218,h_427,q_90/fee603_6f8b0cb30ac54c06bbb165312a61b279_mv2.jpg]
[static.wixstatic.com/media/fee603_296d3cbe657c41428d15625e5aeacec5_mv2.jpg/v1/fit/w_247,h_427,q_90/fee603_296d3cbe657c41428d15625e5aeacec5_mv2.jpg]
[static.wixstatic.com/media/fee603_ee3657192448496a8dbaa5741d7b4ebf_mv2.jpg/v1/fit/w_380,h_427,q_90/fee603_ee3657192448496a8dbaa5741d7b4ebf_mv2.jpg]
[static.wixstatic.com/media/fee603_b8326c69a0b145079c6a47ab42210d55_mv2.jpg/v1/fit/w_320,h_427,q_90/fee603_b8326c69a0b145079c6a47ab42210d55_mv2.jpg]
[static.wixstatic.com/media/fee603_c6fe2ca559a74c19a7f790742d9afdfd_mv2.jpeg/v1/fit/w_285,h_427,q_90/fee603_c6fe2ca559a74c19a7f790742d9afdfd_mv2.jpg]
[static.wixstatic.com/media/fee603_8d205ee1f311494da13692164c2b8b34_mv2.jpg/v1/fit/w_320,h_427,q_90/fee603_8d205ee1f311494da13692164c2b8b34_mv2.jpg]
[static.wixstatic.com/media/fee603_da2f282704a0455ca1eaa5dc7745923b_mv2.jpg/v1/fit/w_334,h_445,q_90/fee603_da2f282704a0455ca1eaa5dc7745923b_mv2.jpg]
[static.wixstatic.com/media/fee603_f7e8255dd675430583023884f980f14c_mv2.jpg/v1/fit/w_250,h_445,q_90/fee603_f7e8255dd675430583023884f980f14c_mv2.jpg]
[static.wixstatic.com/media/fee603_6106f0c2b4e94700af2f83f694cede26_mv2.jpg/v1/fit/w_334,h_445,q_90/fee603_6106f0c2b4e94700af2f83f694cede26_mv2.jpg]
[static.wixstatic.com/media/fee603_8d205ee1f311494da13692164c2b8b34_mv2.jpg/v1/fit/w_334,h_445,q_90/fee603_8d205ee1f311494da13692164c2b8b34_mv2.jpg]
[static.wixstatic.com/media/fee603_75c762d0be7341ffb0cb82b680613808_mv2.jpg/v1/fit/w_250,h_445,q_90/fee603_75c762d0be7341ffb0cb82b680613808_mv2.jpg]
[static.wixstatic.com/media/fee603_474e105ac5d8402e9383d5c679323d96_mv2.jpg/v1/fit/w_334,h_445,q_90/fee603_474e105ac5d8402e9383d5c679323d96_mv2.jpg]
[static.wixstatic.com/media/fee603_2e5d5f84f6b943c7893044e60759b5a3_mv2.jpg/v1/fit/w_334,h_445,q_90/fee603_2e5d5f84f6b943c7893044e60759b5a3_mv2.jpg]
[static.wixstatic.com/media/fee603_1cea2fb2f0f04913af69818e43c411d0_mv2.jpg/v1/fit/w_334,h_445,q_90/fee603_1cea2fb2f0f04913af69818e43c411d0_mv2.jpg]
[static.wixstatic.com/media/fee603_461c505c93644f339794d0ffac6b0714_mv2.jpg/v1/fit/w_334,h_445,q_90/fee603_461c505c93644f339794d0ffac6b0714_mv2.jpg]
[static.wixstatic.com/media/fee603_04105505d3b643ccbf5c4992f75f7342_mv2.jpg/v1/fit/w_334,h_445,q_90/fee603_04105505d3b643ccbf5c4992f75f7342_mv2.jpg]
[static.wixstatic.com/media/fee603_fec765fa4a14439fb29d3c8b83fa7a69_mv2.jpg/v1/fit/w_334,h_445,q_90/fee603_fec765fa4a14439fb29d3c8b83fa7a69_mv2.jpg]
[static.wixstatic.com/media/fee603_e6a46cd0617746eaadc2281197979ff6_mv2.jpg/v1/fit/w_334,h_445,q_90/fee603_e6a46cd0617746eaadc2281197979ff6_mv2.jpg]
[www.activbalance.co.uk/projects-3-1.html]
[static.parastorage.com/services/pro-gallery-santa-wrapper/1.2776.0/staticCss.min.css]
[www.activbalance.co.uk/eec152dc.min.html]
[www.activbalance.co.uk/7c602eb2.min.html]
[www.activbalance.co.uk/f52e40aa.min.html]
[www.activbalance.co.uk/2b8b066f.min.html]
[www.activbalance.co.uk/rb_wixui.thunderbolt_common-site-members-dialogs.384b0b57.chunk.min.html]
[www.activbalance.co.uk/rb_wixui.thunderbolt_common-site-members-dialogs.2059cbfd.chunk.min.html]
[static.parastorage.com/services/pro-gallery-santa-wrapper/1.2776.0/media/emptystate.f4c750b6.svg]
[www.activbalance.co.uk/service-page/decodeURIComponent(e.html]
[www.activbalance.co.uk/service-page/sitemap.10b.delayed]
[www.activbalance.co.uk/service-page/feed.10c.delayed]
[www.activbalance.co.uk/service-page/robots.html]
[www.activbalance.co.uk/service-page/b604fd33.min.html]
[www.activbalance.co.uk/service-page/9455f099.min.html]
[www.activbalance.co.uk/service-page/caeea34d.min.html]
[www.activbalance.co.uk/service-page/99a6a99f.min.html]
[www.activbalance.co.uk/service-page/7a36fe10.chunk.min.html]
[www.activbalance.co.uk/service-page/e3671379.chunk.min.html]
[www.activbalance.co.uk/service-page/rb_wixui.thunderbolt_bootstrap-classic.db545a77.chunk.min.html]
[www.activbalance.co.uk/service-page/rb_wixui.thunderbolt_bootstrap.8a86afda.chunk.min.html]
[www.activbalance.co.uk/service-page/rb_wixui.thunderbolt_bootstrap.7a36fe10.chunk.min.html]
[www.activbalance.co.uk/service-page/rb_wixui.thunderbolt_bootstrap-responsive.f3ca696f.chunk.min.html]
[www.activbalance.co.uk/service-page/hiit-training.html]
[www.activbalance.co.uk/service-page/body-conditioning.html]
[www.activbalance.co.uk/service-page/strength-mobility.html]
[www.activbalance.co.uk/service-page/wellbeing-workout.html]
[www.activbalance.co.uk/service-page/core-conditioning.html]
[www.activbalance.co.uk/service-page/functional-training.html]
[www.activbalance.co.uk/service-page/rb_wixui.thunderbolt_bootstrap-responsive.e3671379.chunk.min.html]
[www.activbalance.co.uk/service-page/version/index.html]
[www.activbalance.co.uk/product-page/decodeURIComponent(e.html]
[www.activbalance.co.uk/product-page/sitemap.11a.delayed]
[www.activbalance.co.uk/product-page/robots.html]
[www.activbalance.co.uk/product-page/feed.11b.delayed]
[www.activbalance.co.uk/product-page/b604fd33.min.html]
[www.activbalance.co.uk/product-page/version/index.html]
[www.activbalance.co.uk/product-page/9455f099.min.html]
[www.activbalance.co.uk/product-page/caeea34d.min.html]
[www.activbalance.co.uk/product-page/99a6a99f.min.html]
[www.activbalance.co.uk/product-page/7a36fe10.chunk.min.html]
[www.activbalance.co.uk/product-page/e3671379.chunk.min.html]
[www.activbalance.co.uk/product-page/rb_wixui.thunderbolt_bootstrap-classic.db545a77.chunk.min.html]
[www.activbalance.co.uk/product-page/rb_wixui.thunderbolt_bootstrap.8a86afda.chunk.min.html]
[www.activbalance.co.uk/product-page/rb_wixui.thunderbolt_bootstrap.7a36fe10.chunk.min.html]
[www.activbalance.co.uk/product-page/rb_wixui.thunderbolt_bootstrap-responsive.f3ca696f.chunk.min.html]
[www.activbalance.co.uk/product-page/rb_wixui.thunderbolt_bootstrap-responsive.e3671379.chunk.min.html]
[www.activbalance.co.uk/product-page/physion-pro-2.html]
[www.activbalance.co.uk/product-page/high-protein-1-600-kcals-meal-plan.html]
